<?xml version="1.0" encoding="UTF-8"?>
<!-- Generated by org.testng.reporters.JUnitReportReporter -->
<testsuite hostname="LAPTOP-JJLOS5M5" failures="0" tests="1" name="automation.Nimap_Auto_1" time="44.150" errors="0" timestamp="2024-11-14T20:08:19 IST" skipped="0">
  <testcase classname="automation.Nimap_Auto_1" name="test1" time="44.150"/>
  <system-out/>
</testsuite> <!-- automation.Nimap_Auto_1 -->
